<?xml version="1.0" encoding="UTF-8"?>
<testng-results skipped="0" failed="0" total="2" passed="2">
  <reporter-output>
  </reporter-output>
  <suite name="org.jdiameter.client.impl.router.TestRouter" duration-ms="234" started-at="2019-01-04T16:32:05Z" finished-at="2019-01-04T16:32:05Z">
    <groups>
    </groups>
    <test name="Command line test" duration-ms="234" started-at="2019-01-04T16:32:05Z" finished-at="2019-01-04T16:32:05Z">
      <class name="org.jdiameter.client.impl.router.TestRouter">
        <test-method status="PASS" signature="testWeightedLeastConnections()[pri:0, instance:org.jdiameter.client.impl.router.TestRouter@746f2a75]" name="testWeightedLeastConnections" duration-ms="199" started-at="2019-01-04T16:32:05Z" finished-at="2019-01-04T16:32:05Z">
        </test-method>
        <test-method status="PASS" signature="testWeightedRoundRobin()[pri:0, instance:org.jdiameter.client.impl.router.TestRouter@746f2a75]" name="testWeightedRoundRobin" duration-ms="22" started-at="2019-01-04T16:32:05Z" finished-at="2019-01-04T16:32:05Z">
        </test-method>
      </class>
    </test>
  </suite>
</testng-results>
